<?xml version="1.0" encoding="UTF-8"?>
<!-- Generated by org.testng.reporters.JUnitXMLReporter -->
<testsuite ignored="0" hostname="LAPTOP-GMSE429J" failures="0" tests="0" time="0.161" errors="0" timestamp="2023-03-30T02:06:23 MESZ">
  <testcase classname="utilities.TestBaseReport" name="@AfterTest setUpTest" time="0.064">
    <failure type="java.lang.NullPointerException">
      <![CDATA[java.lang.NullPointerException
at utilities.TestBaseReport.setUpTest(TestBaseReport.java:26)
... Removed 29 stack frames]]>
    </failure>
  </testcase> <!-- @AfterTest setUpTest -->
</testsuite>
